# JRE version: OpenJDK Runtime Environment (17.0.6) (build 17.0.6+0-b2043.56-10027231)
# Java VM: OpenJDK 64-Bit Server VM (17.0.6+0-b2043.56-10027231, mixed mode, tiered, compressed oops, compressed class ptrs, g1 gc, windows-amd64)
GC Precious Log:
 CPUs: 8 total, 8 available
 Memory: 32589M
 Large Page Support: Disabled
 NUMA Support: Disabled
 Compressed Oops: Enabled (32-bit)
 Heap Region Size: 1M
 Heap Min Capacity: 8M
 Heap Initial Capacity: 510M
 Heap Max Capacity: 2G
 Pre-touch: Disabled
 Parallel Workers: 8
 Concurrent Workers: 2
 Concurrent Refinement Workers: 8
 Periodic GC: Disabled
Heap:
 garbage-first heap   total 242688K, used 104497K [0x0000000080000000, 0x0000000100000000)
  region size 1024K, 10 young (10240K), 7 survivors (7168K)
 Metaspace       used 77084K, committed 77824K, reserved 1122304K
  class space    used 10363K, committed 10752K, reserved 1048576K
GC Heap History (20 events):
Event: 3.875 GC heap before
{Heap before GC invocations=8 (full 0):
 garbage-first heap   total 295936K, used 90852K [0x0000000080000000, 0x0000000100000000)
  region size 1024K, 46 young (47104K), 1 survivors (1024K)
 Metaspace       used 35645K, committed 35968K, reserved 1081344K
  class space    used 4970K, committed 5120K, reserved 1048576K
}
Event: 3.877 GC heap after
{Heap after GC invocations=9 (full 0):
 garbage-first heap   total 295936K, used 50134K [0x0000000080000000, 0x0000000100000000)
  region size 1024K, 4 young (4096K), 4 survivors (4096K)
 Metaspace       used 35645K, committed 35968K, reserved 1081344K
  class space    used 4970K, committed 5120K, reserved 1048576K
}
Event: 5.125 GC heap before
{Heap before GC invocations=10 (full 0):
 garbage-first heap   total 174080K, used 137174K [0x0000000080000000, 0x0000000100000000)
  region size 1024K, 82 young (83968K), 4 survivors (4096K)
 Metaspace       used 46359K, committed 46848K, reserved 1089536K
  class space    used 6178K, committed 6400K, reserved 1048576K
}
Event: 5.135 GC heap after
{Heap after GC invocations=11 (full 0):
 garbage-first heap   total 174080K, used 65926K [0x0000000080000000, 0x0000000100000000)
  region size 1024K, 13 young (13312K), 13 survivors (13312K)
 Metaspace       used 46359K, committed 46848K, reserved 1089536K
  class space    used 6178K, committed 6400K, reserved 1048576K
}
Event: 5.973 GC heap before
{Heap before GC invocations=11 (full 0):
 garbage-first heap   total 174080K, used 130438K [0x0000000080000000, 0x0000000100000000)
  region size 1024K, 76 young (77824K), 13 survivors (13312K)
 Metaspace       used 52747K, committed 53312K, reserved 1097728K
  class space    used 7093K, committed 7360K, reserved 1048576K
}
Event: 5.985 GC heap after
{Heap after GC invocations=12 (full 0):
 garbage-first heap   total 174080K, used 70332K [0x0000000080000000, 0x0000000100000000)
  region size 1024K, 5 young (5120K), 5 survivors (5120K)
 Metaspace       used 52747K, committed 53312K, reserved 1097728K
  class space    used 7093K, committed 7360K, reserved 1048576K
}
Event: 7.031 GC heap before
{Heap before GC invocations=12 (full 0):
 garbage-first heap   total 174080K, used 143036K [0x0000000080000000, 0x0000000100000000)
  region size 1024K, 68 young (69632K), 5 survivors (5120K)
 Metaspace       used 56314K, committed 57024K, reserved 1097728K
  class space    used 7588K, committed 7936K, reserved 1048576K
}
Event: 7.039 GC heap after
{Heap after GC invocations=13 (full 0):
 garbage-first heap   total 174080K, used 88764K [0x0000000080000000, 0x0000000100000000)
  region size 1024K, 9 young (9216K), 9 survivors (9216K)
 Metaspace       used 56314K, committed 57024K, reserved 1097728K
  class space    used 7588K, committed 7936K, reserved 1048576K
}
Event: 7.040 GC heap before
{Heap before GC invocations=13 (full 0):
 garbage-first heap   total 174080K, used 88764K [0x0000000080000000, 0x0000000100000000)
  region size 1024K, 10 young (10240K), 9 survivors (9216K)
 Metaspace       used 56314K, committed 57024K, reserved 1097728K
  class space    used 7588K, committed 7936K, reserved 1048576K
}
Event: 7.043 GC heap after
{Heap after GC invocations=14 (full 0):
 garbage-first heap   total 174080K, used 89836K [0x0000000080000000, 0x0000000100000000)
  region size 1024K, 1 young (1024K), 1 survivors (1024K)
 Metaspace       used 56314K, committed 57024K, reserved 1097728K
  class space    used 7588K, committed 7936K, reserved 1048576K
}
Event: 7.756 GC heap before
{Heap before GC invocations=15 (full 0):
 garbage-first heap   total 174080K, used 132844K [0x0000000080000000, 0x0000000100000000)
  region size 1024K, 42 young (43008K), 1 survivors (1024K)
 Metaspace       used 61976K, committed 62592K, reserved 1105920K
  class space    used 8290K, committed 8576K, reserved 1048576K
}
Event: 7.759 GC heap after
{Heap after GC invocations=16 (full 0):
 garbage-first heap   total 174080K, used 92596K [0x0000000080000000, 0x0000000100000000)
  region size 1024K, 4 young (4096K), 4 survivors (4096K)
 Metaspace       used 61976K, committed 62592K, reserved 1105920K
  class space    used 8290K, committed 8576K, reserved 1048576K
}
Event: 8.256 GC heap before
{Heap before GC invocations=16 (full 0):
 garbage-first heap   total 174080K, used 112052K [0x0000000080000000, 0x0000000100000000)
  region size 1024K, 24 young (24576K), 4 survivors (4096K)
 Metaspace       used 66111K, committed 66880K, reserved 1114112K
  class space    used 8851K, committed 9216K, reserved 1048576K
}
Event: 8.260 GC heap after
{Heap after GC invocations=17 (full 0):
 garbage-first heap   total 174080K, used 94700K [0x0000000080000000, 0x0000000100000000)
  region size 1024K, 6 young (6144K), 6 survivors (6144K)
 Metaspace       used 66111K, committed 66880K, reserved 1114112K
  class space    used 8851K, committed 9216K, reserved 1048576K
}
Event: 8.334 GC heap before
{Heap before GC invocations=18 (full 0):
 garbage-first heap   total 183296K, used 108012K [0x0000000080000000, 0x0000000100000000)
  region size 1024K, 15 young (15360K), 6 survivors (6144K)
 Metaspace       used 66113K, committed 66880K, reserved 1114112K
  class space    used 8851K, committed 9216K, reserved 1048576K
}
Event: 8.339 GC heap after
{Heap after GC invocations=19 (full 0):
 garbage-first heap   total 183296K, used 100733K [0x0000000080000000, 0x0000000100000000)
  region size 1024K, 5 young (5120K), 5 survivors (5120K)
 Metaspace       used 66113K, committed 66880K, reserved 1114112K
  class space    used 8851K, committed 9216K, reserved 1048576K
}
Event: 8.826 GC heap before
{Heap before GC invocations=20 (full 0):
 garbage-first heap   total 183296K, used 136573K [0x0000000080000000, 0x0000000100000000)
  region size 1024K, 39 young (39936K), 5 survivors (5120K)
 Metaspace       used 69229K, committed 69952K, reserved 1114112K
  class space    used 9264K, committed 9600K, reserved 1048576K
}
Event: 8.830 GC heap after
{Heap after GC invocations=21 (full 0):
 garbage-first heap   total 242688K, used 98017K [0x0000000080000000, 0x0000000100000000)
  region size 1024K, 3 young (3072K), 3 survivors (3072K)
 Metaspace       used 69229K, committed 69952K, reserved 1114112K
  class space    used 9264K, committed 9600K, reserved 1048576K
}
Event: 10.015 GC heap before
{Heap before GC invocations=21 (full 0):
 garbage-first heap   total 242688K, used 165601K [0x0000000080000000, 0x0000000100000000)
  region size 1024K, 69 young (70656K), 3 survivors (3072K)
 Metaspace       used 76978K, committed 77696K, reserved 1122304K
  class space    used 10347K, committed 10688K, reserved 1048576K
}
Event: 10.022 GC heap after
{Heap after GC invocations=22 (full 0):
 garbage-first heap   total 242688K, used 102449K [0x0000000080000000, 0x0000000100000000)
  region size 1024K, 7 young (7168K), 7 survivors (7168K)
 Metaspace       used 76978K, committed 77696K, reserved 1122304K
  class space    used 10347K, committed 10688K, reserved 1048576K
}

