# JRE version: OpenJDK Runtime Environment (17.0.6) (build 17.0.6+0-b2043.56-10027231)
# Java VM: OpenJDK 64-Bit Server VM (17.0.6+0-b2043.56-10027231, mixed mode, tiered, compressed oops, compressed class ptrs, g1 gc, windows-amd64)
GC Precious Log:
 CPUs: 8 total, 8 available
 Memory: 32589M
 Large Page Support: Disabled
 NUMA Support: Disabled
 Compressed Oops: Enabled (32-bit)
 Heap Region Size: 1M
 Heap Min Capacity: 8M
 Heap Initial Capacity: 510M
 Heap Max Capacity: 2G
 Pre-touch: Disabled
 Parallel Workers: 8
 Concurrent Workers: 2
 Concurrent Refinement Workers: 8
 Periodic GC: Disabled
Heap:
 garbage-first heap   total 454656K, used 319849K [0x0000000080000000, 0x0000000100000000)
  region size 1024K, 106 young (108544K), 18 survivors (18432K)
 Metaspace       used 121139K, committed 122368K, reserved 1155072K
  class space    used 16244K, committed 16832K, reserved 1048576K
GC Heap History (20 events):
Event: 15.827 GC heap before
{Heap before GC invocations=17 (full 0):
 garbage-first heap   total 235520K, used 143227K [0x0000000080000000, 0x0000000100000000)
  region size 1024K, 11 young (11264K), 10 survivors (10240K)
 Metaspace       used 90155K, committed 91008K, reserved 1130496K
  class space    used 12414K, committed 12800K, reserved 1048576K
}
Event: 15.838 GC heap after
{Heap after GC invocations=18 (full 0):
 garbage-first heap   total 235520K, used 142551K [0x0000000080000000, 0x0000000100000000)
  region size 1024K, 1 young (1024K), 1 survivors (1024K)
 Metaspace       used 90155K, committed 91008K, reserved 1130496K
  class space    used 12414K, committed 12800K, reserved 1048576K
}
Event: 16.625 GC heap before
{Heap before GC invocations=18 (full 0):
 garbage-first heap   total 235520K, used 184535K [0x0000000080000000, 0x0000000100000000)
  region size 1024K, 44 young (45056K), 1 survivors (1024K)
 Metaspace       used 92810K, committed 93568K, reserved 1130496K
  class space    used 12769K, committed 13120K, reserved 1048576K
}
Event: 16.631 GC heap after
{Heap after GC invocations=19 (full 0):
 garbage-first heap   total 235520K, used 145038K [0x0000000080000000, 0x0000000100000000)
  region size 1024K, 4 young (4096K), 4 survivors (4096K)
 Metaspace       used 92810K, committed 93568K, reserved 1130496K
  class space    used 12769K, committed 13120K, reserved 1048576K
}
Event: 17.006 GC heap before
{Heap before GC invocations=20 (full 0):
 garbage-first heap   total 265216K, used 196238K [0x0000000080000000, 0x0000000100000000)
  region size 1024K, 51 young (52224K), 4 survivors (4096K)
 Metaspace       used 92827K, committed 93568K, reserved 1130496K
  class space    used 12771K, committed 13120K, reserved 1048576K
}
Event: 17.019 GC heap after
{Heap after GC invocations=21 (full 0):
 garbage-first heap   total 265216K, used 162860K [0x0000000080000000, 0x0000000100000000)
  region size 1024K, 7 young (7168K), 7 survivors (7168K)
 Metaspace       used 92827K, committed 93568K, reserved 1130496K
  class space    used 12771K, committed 13120K, reserved 1048576K
}
Event: 17.098 GC heap before
{Heap before GC invocations=21 (full 0):
 garbage-first heap   total 265216K, used 167980K [0x0000000080000000, 0x0000000100000000)
  region size 1024K, 12 young (12288K), 7 survivors (7168K)
 Metaspace       used 92830K, committed 93568K, reserved 1130496K
  class space    used 12771K, committed 13120K, reserved 1048576K
}
Event: 17.107 GC heap after
{Heap after GC invocations=22 (full 0):
 garbage-first heap   total 454656K, used 163840K [0x0000000080000000, 0x0000000100000000)
  region size 1024K, 2 young (2048K), 2 survivors (2048K)
 Metaspace       used 92830K, committed 93568K, reserved 1130496K
  class space    used 12771K, committed 13120K, reserved 1048576K
}
Event: 19.425 GC heap before
{Heap before GC invocations=22 (full 0):
 garbage-first heap   total 454656K, used 319488K [0x0000000080000000, 0x0000000100000000)
  region size 1024K, 154 young (157696K), 2 survivors (2048K)
 Metaspace       used 92856K, committed 93632K, reserved 1130496K
  class space    used 12771K, committed 13120K, reserved 1048576K
}
Event: 19.431 GC heap after
{Heap after GC invocations=23 (full 0):
 garbage-first heap   total 454656K, used 168660K [0x0000000080000000, 0x0000000100000000)
  region size 1024K, 7 young (7168K), 7 survivors (7168K)
 Metaspace       used 92856K, committed 93632K, reserved 1130496K
  class space    used 12771K, committed 13120K, reserved 1048576K
}
Event: 22.528 GC heap before
{Heap before GC invocations=23 (full 0):
 garbage-first heap   total 454656K, used 341716K [0x0000000080000000, 0x0000000100000000)
  region size 1024K, 176 young (180224K), 7 survivors (7168K)
 Metaspace       used 92857K, committed 93632K, reserved 1130496K
  class space    used 12771K, committed 13120K, reserved 1048576K
}
Event: 22.538 GC heap after
{Heap after GC invocations=24 (full 0):
 garbage-first heap   total 454656K, used 173619K [0x0000000080000000, 0x0000000100000000)
  region size 1024K, 12 young (12288K), 12 survivors (12288K)
 Metaspace       used 92857K, committed 93632K, reserved 1130496K
  class space    used 12771K, committed 13120K, reserved 1048576K
}
Event: 25.052 GC heap before
{Heap before GC invocations=24 (full 0):
 garbage-first heap   total 454656K, used 367155K [0x0000000080000000, 0x0000000100000000)
  region size 1024K, 185 young (189440K), 12 survivors (12288K)
 Metaspace       used 95522K, committed 96256K, reserved 1138688K
  class space    used 13017K, committed 13376K, reserved 1048576K
}
Event: 25.066 GC heap after
{Heap after GC invocations=25 (full 0):
 garbage-first heap   total 454656K, used 184565K [0x0000000080000000, 0x0000000100000000)
  region size 1024K, 23 young (23552K), 23 survivors (23552K)
 Metaspace       used 95522K, committed 96256K, reserved 1138688K
  class space    used 13017K, committed 13376K, reserved 1048576K
}
Event: 28.125 GC heap before
{Heap before GC invocations=25 (full 0):
 garbage-first heap   total 454656K, used 354549K [0x0000000080000000, 0x0000000100000000)
  region size 1024K, 189 young (193536K), 23 survivors (23552K)
 Metaspace       used 107539K, committed 108416K, reserved 1146880K
  class space    used 14460K, committed 14912K, reserved 1048576K
}
Event: 28.150 GC heap after
{Heap after GC invocations=26 (full 0):
 garbage-first heap   total 454656K, used 197987K [0x0000000080000000, 0x0000000100000000)
  region size 1024K, 16 young (16384K), 16 survivors (16384K)
 Metaspace       used 107539K, committed 108416K, reserved 1146880K
  class space    used 14460K, committed 14912K, reserved 1048576K
}
Event: 35.446 GC heap before
{Heap before GC invocations=26 (full 0):
 garbage-first heap   total 454656K, used 357731K [0x0000000080000000, 0x0000000100000000)
  region size 1024K, 172 young (176128K), 16 survivors (16384K)
 Metaspace       used 115148K, committed 116224K, reserved 1155072K
  class space    used 15464K, committed 16000K, reserved 1048576K
}
Event: 35.469 GC heap after
{Heap after GC invocations=27 (full 0):
 garbage-first heap   total 454656K, used 213383K [0x0000000080000000, 0x0000000100000000)
  region size 1024K, 16 young (16384K), 16 survivors (16384K)
 Metaspace       used 115148K, committed 116224K, reserved 1155072K
  class space    used 15464K, committed 16000K, reserved 1048576K
}
Event: 37.818 GC heap before
{Heap before GC invocations=27 (full 0):
 garbage-first heap   total 454656K, used 359815K [0x0000000080000000, 0x0000000100000000)
  region size 1024K, 160 young (163840K), 16 survivors (16384K)
 Metaspace       used 119836K, committed 121024K, reserved 1155072K
  class space    used 16080K, committed 16704K, reserved 1048576K
}
Event: 37.841 GC heap after
{Heap after GC invocations=28 (full 0):
 garbage-first heap   total 454656K, used 231785K [0x0000000080000000, 0x0000000100000000)
  region size 1024K, 18 young (18432K), 18 survivors (18432K)
 Metaspace       used 119836K, committed 121024K, reserved 1155072K
  class space    used 16080K, committed 16704K, reserved 1048576K
}

