# JRE version: OpenJDK Runtime Environment (17.0.6) (build 17.0.6+0-b2043.56-10027231)
# Java VM: OpenJDK 64-Bit Server VM (17.0.6+0-b2043.56-10027231, mixed mode, tiered, compressed oops, compressed class ptrs, g1 gc, windows-amd64)
GC Precious Log:
 CPUs: 8 total, 8 available
 Memory: 32589M
 Large Page Support: Disabled
 NUMA Support: Disabled
 Compressed Oops: Enabled (32-bit)
 Heap Region Size: 1M
 Heap Min Capacity: 8M
 Heap Initial Capacity: 510M
 Heap Max Capacity: 2G
 Pre-touch: Disabled
 Parallel Workers: 8
 Concurrent Workers: 2
 Concurrent Refinement Workers: 8
 Periodic GC: Disabled
Heap:
 garbage-first heap   total 439296K, used 167934K [0x0000000080000000, 0x0000000100000000)
  region size 1024K, 34 young (34816K), 1 survivors (1024K)
 Metaspace       used 106803K, committed 107520K, reserved 1146880K
  class space    used 14325K, committed 14656K, reserved 1048576K
GC Heap History (20 events):
Event: 11.283 GC heap before
{Heap before GC invocations=20 (full 0):
 garbage-first heap   total 194560K, used 151657K [0x0000000080000000, 0x0000000100000000)
  region size 1024K, 68 young (69632K), 10 survivors (10240K)
 Metaspace       used 95994K, committed 96704K, reserved 1138688K
  class space    used 13218K, committed 13568K, reserved 1048576K
}
Event: 11.292 GC heap after
{Heap after GC invocations=21 (full 0):
 garbage-first heap   total 194560K, used 100029K [0x0000000080000000, 0x0000000100000000)
  region size 1024K, 7 young (7168K), 7 survivors (7168K)
 Metaspace       used 95994K, committed 96704K, reserved 1138688K
  class space    used 13218K, committed 13568K, reserved 1048576K
}
Event: 11.794 GC heap before
{Heap before GC invocations=21 (full 0):
 garbage-first heap   total 194560K, used 120509K [0x0000000080000000, 0x0000000100000000)
  region size 1024K, 29 young (29696K), 7 survivors (7168K)
 Metaspace       used 96390K, committed 97088K, reserved 1138688K
  class space    used 13278K, committed 13632K, reserved 1048576K
}
Event: 11.799 GC heap after
{Heap after GC invocations=22 (full 0):
 garbage-first heap   total 194560K, used 102866K [0x0000000080000000, 0x0000000100000000)
  region size 1024K, 4 young (4096K), 4 survivors (4096K)
 Metaspace       used 96390K, committed 97088K, reserved 1138688K
  class space    used 13278K, committed 13632K, reserved 1048576K
}
Event: 12.900 GC heap before
{Heap before GC invocations=23 (full 0):
 garbage-first heap   total 194560K, used 164306K [0x0000000080000000, 0x0000000100000000)
  region size 1024K, 55 young (56320K), 4 survivors (4096K)
 Metaspace       used 99715K, committed 100416K, reserved 1138688K
  class space    used 13585K, committed 13952K, reserved 1048576K
}
Event: 12.911 GC heap after
{Heap after GC invocations=24 (full 0):
 garbage-first heap   total 194560K, used 122062K [0x0000000080000000, 0x0000000100000000)
  region size 1024K, 7 young (7168K), 7 survivors (7168K)
 Metaspace       used 99715K, committed 100416K, reserved 1138688K
  class space    used 13585K, committed 13952K, reserved 1048576K
}
Event: 12.944 GC heap before
{Heap before GC invocations=24 (full 0):
 garbage-first heap   total 194560K, used 124110K [0x0000000080000000, 0x0000000100000000)
  region size 1024K, 9 young (9216K), 7 survivors (7168K)
 Metaspace       used 99715K, committed 100416K, reserved 1138688K
  class space    used 13585K, committed 13952K, reserved 1048576K
}
Event: 12.951 GC heap after
{Heap after GC invocations=25 (full 0):
 garbage-first heap   total 194560K, used 122085K [0x0000000080000000, 0x0000000100000000)
  region size 1024K, 2 young (2048K), 2 survivors (2048K)
 Metaspace       used 99715K, committed 100416K, reserved 1138688K
  class space    used 13585K, committed 13952K, reserved 1048576K
}
Event: 13.337 GC heap before
{Heap before GC invocations=25 (full 0):
 garbage-first heap   total 194560K, used 142565K [0x0000000080000000, 0x0000000100000000)
  region size 1024K, 24 young (24576K), 2 survivors (2048K)
 Metaspace       used 100234K, committed 100992K, reserved 1138688K
  class space    used 13638K, committed 14016K, reserved 1048576K
}
Event: 13.343 GC heap after
{Heap after GC invocations=26 (full 0):
 garbage-first heap   total 194560K, used 127583K [0x0000000080000000, 0x0000000100000000)
  region size 1024K, 4 young (4096K), 4 survivors (4096K)
 Metaspace       used 100234K, committed 100992K, reserved 1138688K
  class space    used 13638K, committed 14016K, reserved 1048576K
}
Event: 14.066 GC heap before
{Heap before GC invocations=27 (full 0):
 garbage-first heap   total 234496K, used 160351K [0x0000000080000000, 0x0000000100000000)
  region size 1024K, 28 young (28672K), 4 survivors (4096K)
 Metaspace       used 101817K, committed 102528K, reserved 1138688K
  class space    used 13872K, committed 14208K, reserved 1048576K
}
Event: 14.073 GC heap after
{Heap after GC invocations=28 (full 0):
 garbage-first heap   total 234496K, used 131366K [0x0000000080000000, 0x0000000100000000)
  region size 1024K, 4 young (4096K), 4 survivors (4096K)
 Metaspace       used 101817K, committed 102528K, reserved 1138688K
  class space    used 13872K, committed 14208K, reserved 1048576K
}
Event: 14.182 GC heap before
{Heap before GC invocations=28 (full 0):
 garbage-first heap   total 234496K, used 138534K [0x0000000080000000, 0x0000000100000000)
  region size 1024K, 11 young (11264K), 4 survivors (4096K)
 Metaspace       used 102557K, committed 103296K, reserved 1138688K
  class space    used 13955K, committed 14336K, reserved 1048576K
}
Event: 14.187 GC heap after
{Heap after GC invocations=29 (full 0):
 garbage-first heap   total 234496K, used 130007K [0x0000000080000000, 0x0000000100000000)
  region size 1024K, 1 young (1024K), 1 survivors (1024K)
 Metaspace       used 102557K, committed 103296K, reserved 1138688K
  class space    used 13955K, committed 14336K, reserved 1048576K
}
Event: 14.501 GC heap before
{Heap before GC invocations=29 (full 0):
 garbage-first heap   total 234496K, used 143319K [0x0000000080000000, 0x0000000100000000)
  region size 1024K, 16 young (16384K), 1 survivors (1024K)
 Metaspace       used 102645K, committed 103360K, reserved 1138688K
  class space    used 13964K, committed 14336K, reserved 1048576K
}
Event: 14.507 GC heap after
{Heap after GC invocations=30 (full 0):
 garbage-first heap   total 234496K, used 135145K [0x0000000080000000, 0x0000000100000000)
  region size 1024K, 6 young (6144K), 6 survivors (6144K)
 Metaspace       used 102645K, committed 103360K, reserved 1138688K
  class space    used 13964K, committed 14336K, reserved 1048576K
}
Event: 15.024 GC heap before
{Heap before GC invocations=31 (full 0):
 garbage-first heap   total 265216K, used 197609K [0x0000000080000000, 0x0000000100000000)
  region size 1024K, 50 young (51200K), 6 survivors (6144K)
 Metaspace       used 105247K, committed 105984K, reserved 1146880K
  class space    used 14187K, committed 14528K, reserved 1048576K
}
Event: 15.032 GC heap after
{Heap after GC invocations=32 (full 0):
 garbage-first heap   total 265216K, used 136598K [0x0000000080000000, 0x0000000100000000)
  region size 1024K, 7 young (7168K), 7 survivors (7168K)
 Metaspace       used 105247K, committed 105984K, reserved 1146880K
  class space    used 14187K, committed 14528K, reserved 1048576K
}
Event: 15.097 GC heap before
{Heap before GC invocations=32 (full 0):
 garbage-first heap   total 265216K, used 140694K [0x0000000080000000, 0x0000000100000000)
  region size 1024K, 12 young (12288K), 7 survivors (7168K)
 Metaspace       used 106122K, committed 106816K, reserved 1146880K
  class space    used 14275K, committed 14592K, reserved 1048576K
}
Event: 15.103 GC heap after
{Heap after GC invocations=33 (full 0):
 garbage-first heap   total 439296K, used 136190K [0x0000000080000000, 0x0000000100000000)
  region size 1024K, 1 young (1024K), 1 survivors (1024K)
 Metaspace       used 106122K, committed 106816K, reserved 1146880K
  class space    used 14275K, committed 14592K, reserved 1048576K
}

